<?xml version="1.0" encoding="UTF-8"?>
<!-- Generated by org.testng.reporters.JUnitXMLReporter -->
<testsuite ignored="0" hostname="DESKTOP-NOSIB2K" failures="0" tests="5" name="Default test" time="29.019" errors="0" timestamp="2021-09-30T00:39:51 GMT-07:00">
  <testcase classname="org.crm.selenium.tests.HomePageTest" name="verifyHomepageTitletest" time="0.028"/>
  <testcase classname="org.crm.selenium.tests.HomePageTest" name="verifyUsernameTest" time="0.14"/>
  <testcase classname="org.crm.selenium.tests.HomePageTest" name="verifyContactPageLinkTest" time="1.611"/>
  <testcase classname="org.crm.selenium.tests.HomePageTest" name="verifyDealsPageLinkTest" time="1.528"/>
  <testcase classname="org.crm.selenium.tests.HomePageTest" name="verifyTasksPageLinkTest" time="1.434"/>
</testsuite> <!-- Default test -->
