<?xml version="1.0" encoding="UTF-8"?>
<!-- Generated by org.testng.reporters.JUnitXMLReporter -->
<testsuite ignored="0" hostname="DESKTOP-NOSIB2K" failures="0" tests="8" name="Command line test" time="106.391" errors="0" timestamp="2021-10-08T22:49:57 GMT-07:00">
  <testcase classname="org.crm.selenium.tests.HomePageTest" name="verifyHomepageTitletest" time="0.033"/>
  <testcase classname="org.crm.selenium.tests.HomePageTest" name="verifyUsernameTest" time="0.175"/>
  <testcase classname="org.crm.selenium.tests.HomePageTest" name="verifyContactPageLinkTest" time="2.217"/>
  <testcase classname="org.crm.selenium.tests.HomePageTest" name="verifyDealsPageLinkTest" time="1.822"/>
  <testcase classname="org.crm.selenium.tests.HomePageTest" name="verifyTasksPageLinkTest" time="1.698"/>
  <testcase classname="org.crm.selenium.tests.LoginPageTest" name="LoginPageTitleTest" time="0.049"/>
  <testcase classname="org.crm.selenium.tests.LoginPageTest" name="CRMLogoValidationTest" time="0.195"/>
  <testcase classname="org.crm.selenium.tests.LoginPageTest" name="LoginTest" time="7.405"/>
</testsuite> <!-- Command line test -->
