<?xml version="1.0" encoding="UTF-8" ?>
<testsuite tests="8" failures="0" name="TestSuite" time="13.577" errors="0" skipped="0">
  <properties>
[...]
</properties>
  <testcase classname="org.crm.selenium.tests.HomePageTest" name="verifyHomepageTitletest" time="0.037"/>
  <testcase classname="org.crm.selenium.tests.HomePageTest" name="verifyUsernameTest" time="0.174"/>
  <testcase classname="org.crm.selenium.tests.HomePageTest" name="verifyContactPageLinkTest" time="2.217"/>
  <testcase classname="org.crm.selenium.tests.HomePageTest" name="verifyDealsPageLinkTest" time="1.822"/>
  <testcase classname="org.crm.selenium.tests.HomePageTest" name="verifyTasksPageLinkTest" time="1.693"/>
  <testcase classname="org.crm.selenium.tests.LoginPageTest" name="LoginPageTitleTest" time="0.048"/>
  <testcase classname="org.crm.selenium.tests.LoginPageTest" name="CRMLogoValidationTest" time="0.194"/>
  <testcase classname="org.crm.selenium.tests.LoginPageTest" name="LoginTest" time="7.392"/>
</testsuite>