<?xml version="1.0" encoding="UTF-8"?>
<!-- Generated by org.testng.reporters.JUnitXMLReporter -->
<testsuite ignored="0" hostname="DESKTOP-NOSIB2K" failures="0" tests="8" name="regression" time="37.286" errors="0" timestamp="2021-10-03T00:33:46 GMT-07:00">
  <testcase classname="org.crm.selenium.tests.HomePageTest" name="verifyHomepageTitletest" time="0.032"/>
  <testcase classname="org.crm.selenium.tests.HomePageTest" name="verifyUsernameTest" time="0.162"/>
  <testcase classname="org.crm.selenium.tests.HomePageTest" name="verifyContactPageLinkTest" time="1.538"/>
  <testcase classname="org.crm.selenium.tests.HomePageTest" name="verifyDealsPageLinkTest" time="1.538"/>
  <testcase classname="org.crm.selenium.tests.HomePageTest" name="verifyTasksPageLinkTest" time="1.588"/>
  <testcase classname="org.crm.selenium.tests.LoginPageTest" name="LoginPageTitleTest" time="0.05"/>
  <testcase classname="org.crm.selenium.tests.LoginPageTest" name="CRMLogoValidationTest" time="0.154"/>
  <testcase classname="org.crm.selenium.tests.LoginPageTest" name="LoginTest" time="3.916"/>
</testsuite> <!-- regression -->
